Build started 3/27/2019 10:51:29 AM.
     1>Project "C:\Users\smw0025\Documents\Wells\Wells\Wells.vcxproj" on node 2 (Build target(s)).
     1>ClCompile:
         C:\Program Files (x86)\Microsoft Visual Studio 11.0\VC\bin\CL.exe /c /ZI /nologo /W3 /WX- /sdl /Od /Oy- /D WIN32 /D _WINDOWS /D _DEBUG /D _MBCS /D _AFXDLL /Gm /EHsc /RTC1 /MDd /GS /fp:precise /Zc:wchar_t /Zc:forScope /Yu"stdafx.h" /Fp"Debug\Wells.pch" /Fo"Debug\\" /Fd"Debug\vc110.pdb" /Gd /TP /wd4996 /analyze- /errorReport:prompt "..\..\..\Downloads\Wells-master\DataGen\DataGen.cpp"
         DataGen.cpp
       ResourceCompile:
         C:\Program Files (x86)\Windows Kits\8.0\bin\x86\rc.exe /D _DEBUG /D _AFXDLL /l"0x0409" /IDebug\ /nologo /fo"Debug\Wells.res" Wells.rc 
       Link:
         C:\Program Files (x86)\Microsoft Visual Studio 11.0\VC\bin\link.exe /ERRORREPORT:PROMPT /OUT:"C:\Users\smw0025\Documents\Wells\Wells\Debug\Wells.exe" /INCREMENTAL /NOLOGO /MANIFEST /MANIFESTUAC:"level='asInvoker' uiAccess='false'" /manifest:embed /manifestinput:"C:\Program Files (x86)\Microsoft Visual Studio 11.0\VC\Include\Manifest\dpiaware.manifest" /DEBUG /PDB:"C:\Users\smw0025\Documents\Wells\Wells\Debug\Wells.pdb" /SUBSYSTEM:WINDOWS /TLBID:1 /DYNAMICBASE /NXCOMPAT /IMPLIB:"C:\Users\smw0025\Documents\Wells\Wells\Debug\Wells.lib" /MACHINE:X86 Debug\Wells.res
         Debug\DataGen.obj
         Debug\DataGenFactory.obj
         Debug\Display.obj
         Debug\Sensor.obj
         Debug\SensorConfig.obj
         Debug\SensorFactory.obj
         Debug\Simulation.obj
         Debug\OilFieldDataParser.obj
         Debug\Well.obj
         Debug\WellFactory.obj
         Debug\WellMsg.obj
         Debug\stdafx.obj
         Debug\Wells.obj
         Debug\WellsDlg.obj
         Wells.vcxproj -> C:\Users\smw0025\Documents\Wells\Wells\Debug\Wells.exe
     1>Done Building Project "C:\Users\smw0025\Documents\Wells\Wells\Wells.vcxproj" (Build target(s)).

Build succeeded.

Time Elapsed 00:00:00.74
