C:\USERS\SMW0025\DOCUMENTS\WELLS\RELEASE\WELLS.PCH
C:\USERS\SMW0025\DOCUMENTS\WELLS\RELEASE\STDAFX.OBJ
C:\USERS\SMW0025\DOCUMENTS\WELLS\RELEASE\VC110.PDB
C:\USERS\SMW0025\DOCUMENTS\WELLS\RELEASE\WELLMSG.OBJ
C:\USERS\SMW0025\DOCUMENTS\WELLS\RELEASE\WELLFACTORY.OBJ
C:\USERS\SMW0025\DOCUMENTS\WELLS\RELEASE\WELL.OBJ
C:\USERS\SMW0025\DOCUMENTS\WELLS\RELEASE\WELLSDLG.OBJ
C:\USERS\SMW0025\DOCUMENTS\WELLS\RELEASE\WELLS.OBJ
C:\USERS\SMW0025\DOCUMENTS\WELLS\RELEASE\OILFIELDDATAPARSER.OBJ
C:\USERS\SMW0025\DOCUMENTS\WELLS\RELEASE\SIMULATION.OBJ
C:\USERS\SMW0025\DOCUMENTS\WELLS\RELEASE\SENSORFACTORY.OBJ
C:\USERS\SMW0025\DOCUMENTS\WELLS\RELEASE\SENSORCONFIG.OBJ
C:\USERS\SMW0025\DOCUMENTS\WELLS\RELEASE\SENSOR.OBJ
C:\USERS\SMW0025\DOCUMENTS\WELLS\RELEASE\DISPLAY.OBJ
C:\USERS\SMW0025\DOCUMENTS\WELLS\RELEASE\DATAGENFACTORY.OBJ
C:\USERS\SMW0025\DOCUMENTS\WELLS\RELEASE\DATAGEN.OBJ
C:\USERS\SMW0025\DOCUMENTS\WELLS\RELEASE\WELLS.EXE
C:\USERS\SMW0025\DOCUMENTS\WELLS\RELEASE\WELLS.PDB
C:\USERS\SMW0025\DOCUMENTS\WELLS\RELEASE\WELLS.RES
C:\Users\smw0025\Documents\Wells\Release\DataGen.obj
C:\Users\smw0025\Documents\Wells\Release\DataGenFactory.obj
C:\Users\smw0025\Documents\Wells\Release\Display.obj
C:\Users\smw0025\Documents\Wells\Release\OilFieldDataParser.obj
C:\Users\smw0025\Documents\Wells\Release\Sensor.obj
C:\Users\smw0025\Documents\Wells\Release\SensorConfig.obj
C:\Users\smw0025\Documents\Wells\Release\SensorFactory.obj
C:\Users\smw0025\Documents\Wells\Release\Simulation.obj
C:\Users\smw0025\Documents\Wells\Release\stdafx.obj
C:\Users\smw0025\Documents\Wells\Release\Well.obj
C:\Users\smw0025\Documents\Wells\Release\WellFactory.obj
C:\Users\smw0025\Documents\Wells\Release\WellMsg.obj
C:\Users\smw0025\Documents\Wells\Release\Wells.obj
C:\Users\smw0025\Documents\Wells\Release\WellsDlg.obj
C:\Users\smw0025\Documents\Wells\Release\cl.command.1.tlog
C:\Users\smw0025\Documents\Wells\Release\CL.read.1.tlog
C:\Users\smw0025\Documents\Wells\Release\CL.write.1.tlog
C:\Users\smw0025\Documents\Wells\Release\link-cvtres.read.1.tlog
C:\Users\smw0025\Documents\Wells\Release\link-cvtres.write.1.tlog
C:\Users\smw0025\Documents\Wells\Release\link-mt.read.1.tlog
C:\Users\smw0025\Documents\Wells\Release\link-mt.write.1.tlog
C:\Users\smw0025\Documents\Wells\Release\link-rc.read.1.tlog
C:\Users\smw0025\Documents\Wells\Release\link-rc.write.1.tlog
C:\Users\smw0025\Documents\Wells\Release\link.command.1.tlog
C:\Users\smw0025\Documents\Wells\Release\link.read.1.tlog
C:\Users\smw0025\Documents\Wells\Release\link.write.1.tlog
C:\Users\smw0025\Documents\Wells\Release\rc.command.1.tlog
C:\Users\smw0025\Documents\Wells\Release\rc.read.1.tlog
C:\Users\smw0025\Documents\Wells\Release\rc.write.1.tlog
C:\Users\smw0025\Documents\Wells\Release\Wells.res
C:\Users\smw0025\Documents\Wells\Release\Wells.pch
C:\Users\smw0025\Documents\Wells\Release\vc110.pdb
C:\Users\smw0025\Documents\Wells\Release\Wells.pdb
C:\Users\smw0025\Documents\Wells\Release\Wells.exe
